# JRE version: Java(TM) SE Runtime Environment (8.0_201-b09) (build 1.8.0_201-b09)
# Java VM: Java HotSpot(TM) 64-Bit Server VM (25.201-b09 mixed mode bsd-amd64 compressed oops)
Heap:
 PSYoungGen      total 635392K, used 359112K [0x0000000795580000, 0x00000007bec00000, 0x00000007c0000000)
  eden space 628736K, 56% used [0x0000000795580000,0x00000007aae32140,0x00000007bbb80000)
  from space 6656K, 92% used [0x00000007bd880000,0x00000007bde80020,0x00000007bdf00000)
  to   space 13312K, 0% used [0x00000007bdf00000,0x00000007bdf00000,0x00000007bec00000)
 ParOldGen       total 130048K, used 61555K [0x0000000740000000, 0x0000000747f00000, 0x0000000795580000)
  object space 130048K, 47% used [0x0000000740000000,0x0000000743c1ce70,0x0000000747f00000)
 Metaspace       used 54650K, capacity 72498K, committed 72576K, reserved 1101824K
  class space    used 14572K, capacity 20575K, committed 20608K, reserved 1048576K
GC Heap History (10 events):
Event: 228.693 GC heap before
{Heap before GC invocations=22 (full 3):
 PSYoungGen      total 675840K, used 658112K [0x0000000795580000, 0x00000007bfe00000, 0x00000007c0000000)
  eden space 654336K, 100% used [0x0000000795580000,0x00000007bd480000,0x00000007bd480000)
  from space 21504K, 17% used [0x00000007be900000,0x00000007becb0020,0x00000007bfe00000)
  to   space 20992K, 0% used [0x00000007bd480000,0x00000007bd480000,0x00000007be900000)
 ParOldGen       total 130048K, used 61523K [0x0000000740000000, 0x0000000747f00000, 0x0000000795580000)
  object space 130048K, 47% used [0x0000000740000000,0x0000000743c14e70,0x0000000747f00000)
 Metaspace       used 54341K, capacity 72008K, committed 72192K, reserved 1101824K
  class space    used 14476K, capacity 20431K, committed 20480K, reserved 1048576K
Event: 228.698 GC heap after
Heap after GC invocations=22 (full 3):
 PSYoungGen      total 675328K, used 3664K [0x0000000795580000, 0x00000007bff80000, 0x00000007c0000000)
  eden space 654336K, 0% used [0x0000000795580000,0x0000000795580000,0x00000007bd480000)
  from space 20992K, 17% used [0x00000007bd480000,0x00000007bd814030,0x00000007be900000)
  to   space 20992K, 0% used [0x00000007beb00000,0x00000007beb00000,0x00000007bff80000)
 ParOldGen       total 130048K, used 61531K [0x0000000740000000, 0x0000000747f00000, 0x0000000795580000)
  object space 130048K, 47% used [0x0000000740000000,0x0000000743c16e70,0x0000000747f00000)
 Metaspace       used 54341K, capacity 72008K, committed 72192K, reserved 1101824K
  class space    used 14476K, capacity 20431K, committed 20480K, reserved 1048576K
}
Event: 231.679 GC heap before
{Heap before GC invocations=23 (full 3):
 PSYoungGen      total 675328K, used 658000K [0x0000000795580000, 0x00000007bff80000, 0x00000007c0000000)
  eden space 654336K, 100% used [0x0000000795580000,0x00000007bd480000,0x00000007bd480000)
  from space 20992K, 17% used [0x00000007bd480000,0x00000007bd814030,0x00000007be900000)
  to   space 20992K, 0% used [0x00000007beb00000,0x00000007beb00000,0x00000007bff80000)
 ParOldGen       total 130048K, used 61531K [0x0000000740000000, 0x0000000747f00000, 0x0000000795580000)
  object space 130048K, 47% used [0x0000000740000000,0x0000000743c16e70,0x0000000747f00000)
 Metaspace       used 54341K, capacity 72008K, committed 72192K, reserved 1101824K
  class space    used 14476K, capacity 20431K, committed 20480K, reserved 1048576K
Event: 231.685 GC heap after
Heap after GC invocations=23 (full 3):
 PSYoungGen      total 677376K, used 3648K [0x0000000795580000, 0x00000007bff00000, 0x00000007c0000000)
  eden space 656896K, 0% used [0x0000000795580000,0x0000000795580000,0x00000007bd700000)
  from space 20480K, 17% used [0x00000007beb00000,0x00000007bee90020,0x00000007bff00000)
  to   space 20480K, 0% used [0x00000007bd700000,0x00000007bd700000,0x00000007beb00000)
 ParOldGen       total 130048K, used 61531K [0x0000000740000000, 0x0000000747f00000, 0x0000000795580000)
  object space 130048K, 47% used [0x0000000740000000,0x0000000743c16e70,0x0000000747f00000)
 Metaspace       used 54341K, capacity 72008K, committed 72192K, reserved 1101824K
  class space    used 14476K, capacity 20431K, committed 20480K, reserved 1048576K
}
Event: 234.682 GC heap before
{Heap before GC invocations=24 (full 3):
 PSYoungGen      total 677376K, used 660544K [0x0000000795580000, 0x00000007bff00000, 0x00000007c0000000)
  eden space 656896K, 100% used [0x0000000795580000,0x00000007bd700000,0x00000007bd700000)
  from space 20480K, 17% used [0x00000007beb00000,0x00000007bee90020,0x00000007bff00000)
  to   space 20480K, 0% used [0x00000007bd700000,0x00000007bd700000,0x00000007beb00000)
 ParOldGen       total 130048K, used 61531K [0x0000000740000000, 0x0000000747f00000, 0x0000000795580000)
  object space 130048K, 47% used [0x0000000740000000,0x0000000743c16e70,0x0000000747f00000)
 Metaspace       used 54341K, capacity 72008K, committed 72192K, reserved 1101824K
  class space    used 14476K, capacity 20431K, committed 20480K, reserved 1048576K
Event: 234.687 GC heap after
Heap after GC invocations=24 (full 3):
 PSYoungGen      total 677376K, used 3648K [0x0000000795580000, 0x00000007bff00000, 0x00000007c0000000)
  eden space 656896K, 0% used [0x0000000795580000,0x0000000795580000,0x00000007bd700000)
  from space 20480K, 17% used [0x00000007bd700000,0x00000007bda90020,0x00000007beb00000)
  to   space 19968K, 0% used [0x00000007beb80000,0x00000007beb80000,0x00000007bff00000)
 ParOldGen       total 130048K, used 61539K [0x0000000740000000, 0x0000000747f00000, 0x0000000795580000)
  object space 130048K, 47% used [0x0000000740000000,0x0000000743c18e70,0x0000000747f00000)
 Metaspace       used 54341K, capacity 72008K, committed 72192K, reserved 1101824K
  class space    used 14476K, capacity 20431K, committed 20480K, reserved 1048576K
}
Event: 776.307 GC heap before
{Heap before GC invocations=25 (full 3):
 PSYoungGen      total 677376K, used 660544K [0x0000000795580000, 0x00000007bff00000, 0x00000007c0000000)
  eden space 656896K, 100% used [0x0000000795580000,0x00000007bd700000,0x00000007bd700000)
  from space 20480K, 17% used [0x00000007bd700000,0x00000007bda90020,0x00000007beb00000)
  to   space 19968K, 0% used [0x00000007beb80000,0x00000007beb80000,0x00000007bff00000)
 ParOldGen       total 130048K, used 61539K [0x0000000740000000, 0x0000000747f00000, 0x0000000795580000)
  object space 130048K, 47% used [0x0000000740000000,0x0000000743c18e70,0x0000000747f00000)
 Metaspace       used 54418K, capacity 72132K, committed 72192K, reserved 1101824K
  class space    used 14501K, capacity 20455K, committed 20480K, reserved 1048576K
Event: 776.319 GC heap after
Heap after GC invocations=25 (full 3):
 PSYoungGen      total 675840K, used 7072K [0x0000000795580000, 0x00000007bfc80000, 0x00000007c0000000)
  eden space 658432K, 0% used [0x0000000795580000,0x0000000795580000,0x00000007bd880000)
  from space 17408K, 40% used [0x00000007beb80000,0x00000007bf268020,0x00000007bfc80000)
  to   space 18432K, 0% used [0x00000007bd880000,0x00000007bd880000,0x00000007bea80000)
 ParOldGen       total 130048K, used 61547K [0x0000000740000000, 0x0000000747f00000, 0x0000000795580000)
  object space 130048K, 47% used [0x0000000740000000,0x0000000743c1ae70,0x0000000747f00000)
 Metaspace       used 54418K, capacity 72132K, committed 72192K, reserved 1101824K
  class space    used 14501K, capacity 20455K, committed 20480K, reserved 1048576K
}
Event: 1718.516 GC heap before
{Heap before GC invocations=26 (full 3):
 PSYoungGen      total 675840K, used 665504K [0x0000000795580000, 0x00000007bfc80000, 0x00000007c0000000)
  eden space 658432K, 100% used [0x0000000795580000,0x00000007bd880000,0x00000007bd880000)
  from space 17408K, 40% used [0x00000007beb80000,0x00000007bf268020,0x00000007bfc80000)
  to   space 18432K, 0% used [0x00000007bd880000,0x00000007bd880000,0x00000007bea80000)
 ParOldGen       total 130048K, used 61547K [0x0000000740000000, 0x0000000747f00000, 0x0000000795580000)
  object space 130048K, 47% used [0x0000000740000000,0x0000000743c1ae70,0x0000000747f00000)
 Metaspace       used 54570K, capacity 72402K, committed 72576K, reserved 1101824K
  class space    used 14547K, capacity 20543K, committed 20608K, reserved 1048576K
Event: 1718.537 GC heap after
Heap after GC invocations=26 (full 3):
 PSYoungGen      total 635392K, used 6144K [0x0000000795580000, 0x00000007bec00000, 0x00000007c0000000)
  eden space 628736K, 0% used [0x0000000795580000,0x0000000795580000,0x00000007bbb80000)
  from space 6656K, 92% used [0x00000007bd880000,0x00000007bde80020,0x00000007bdf00000)
  to   space 13312K, 0% used [0x00000007bdf00000,0x00000007bdf00000,0x00000007bec00000)
 ParOldGen       total 130048K, used 61555K [0x0000000740000000, 0x0000000747f00000, 0x0000000795580000)
  object space 130048K, 47% used [0x0000000740000000,0x0000000743c1ce70,0x0000000747f00000)
 Metaspace       used 54570K, capacity 72402K, committed 72576K, reserved 1101824K
  class space    used 14547K, capacity 20543K, committed 20608K, reserved 1048576K
}

