# JRE version: Java(TM) SE Runtime Environment (8.0_201-b09) (build 1.8.0_201-b09)
# Java VM: Java HotSpot(TM) 64-Bit Server VM (25.201-b09 mixed mode bsd-amd64 compressed oops)
Heap:
 PSYoungGen      total 696320K, used 576421K [0x0000000795580000, 0x00000007c0000000, 0x00000007c0000000)
  eden space 693760K, 83% used [0x0000000795580000,0x00000007b8841428,0x00000007bfb00000)
  from space 2560K, 6% used [0x00000007bfd80000,0x00000007bfda8000,0x00000007c0000000)
  to   space 2560K, 0% used [0x00000007bfb00000,0x00000007bfb00000,0x00000007bfd80000)
 ParOldGen       total 286720K, used 108371K [0x0000000740000000, 0x0000000751800000, 0x0000000795580000)
  object space 286720K, 37% used [0x0000000740000000,0x00000007469d4f38,0x0000000751800000)
 Metaspace       used 49320K, capacity 64296K, committed 75924K, reserved 1103872K
  class space    used 12314K, capacity 17437K, committed 21652K, reserved 1048576K
GC Heap History (10 events):
Event: 20488.690 GC heap before
{Heap before GC invocations=406 (full 6):
 PSYoungGen      total 693760K, used 690384K [0x0000000795580000, 0x00000007c0000000, 0x00000007c0000000)
  eden space 690176K, 100% used [0x0000000795580000,0x00000007bf780000,0x00000007bf780000)
  from space 3584K, 5% used [0x00000007bf780000,0x00000007bf7b4010,0x00000007bfb00000)
  to   space 3584K, 0% used [0x00000007bfc80000,0x00000007bfc80000,0x00000007c0000000)
 ParOldGen       total 286720K, used 108339K [0x0000000740000000, 0x0000000751800000, 0x0000000795580000)
  object space 286720K, 37% used [0x0000000740000000,0x00000007469ccf38,0x0000000751800000)
 Metaspace       used 49310K, capacity 64278K, committed 75924K, reserved 1103872K
  class space    used 12310K, capacity 17431K, committed 21652K, reserved 1048576K
Event: 20488.693 GC heap after
Heap after GC invocations=406 (full 6):
 PSYoungGen      total 694272K, used 192K [0x0000000795580000, 0x00000007bff00000, 0x00000007c0000000)
  eden space 691712K, 0% used [0x0000000795580000,0x0000000795580000,0x00000007bf900000)
  from space 2560K, 7% used [0x00000007bfc80000,0x00000007bfcb0000,0x00000007bff00000)
  to   space 3072K, 0% used [0x00000007bf900000,0x00000007bf900000,0x00000007bfc00000)
 ParOldGen       total 286720K, used 108347K [0x0000000740000000, 0x0000000751800000, 0x0000000795580000)
  object space 286720K, 37% used [0x0000000740000000,0x00000007469cef38,0x0000000751800000)
 Metaspace       used 49310K, capacity 64278K, committed 75924K, reserved 1103872K
  class space    used 12310K, capacity 17431K, committed 21652K, reserved 1048576K
}
Event: 20491.570 GC heap before
{Heap before GC invocations=407 (full 6):
 PSYoungGen      total 694272K, used 691904K [0x0000000795580000, 0x00000007bff00000, 0x00000007c0000000)
  eden space 691712K, 100% used [0x0000000795580000,0x00000007bf900000,0x00000007bf900000)
  from space 2560K, 7% used [0x00000007bfc80000,0x00000007bfcb0000,0x00000007bff00000)
  to   space 3072K, 0% used [0x00000007bf900000,0x00000007bf900000,0x00000007bfc00000)
 ParOldGen       total 286720K, used 108347K [0x0000000740000000, 0x0000000751800000, 0x0000000795580000)
  object space 286720K, 37% used [0x0000000740000000,0x00000007469cef38,0x0000000751800000)
 Metaspace       used 49310K, capacity 64278K, committed 75924K, reserved 1103872K
  class space    used 12310K, capacity 17431K, committed 21652K, reserved 1048576K
Event: 20491.573 GC heap after
Heap after GC invocations=407 (full 6):
 PSYoungGen      total 694784K, used 192K [0x0000000795580000, 0x00000007c0000000, 0x00000007c0000000)
  eden space 691712K, 0% used [0x0000000795580000,0x0000000795580000,0x00000007bf900000)
  from space 3072K, 6% used [0x00000007bf900000,0x00000007bf930000,0x00000007bfc00000)
  to   space 3072K, 0% used [0x00000007bfd00000,0x00000007bfd00000,0x00000007c0000000)
 ParOldGen       total 286720K, used 108355K [0x0000000740000000, 0x0000000751800000, 0x0000000795580000)
  object space 286720K, 37% used [0x0000000740000000,0x00000007469d0f38,0x0000000751800000)
 Metaspace       used 49310K, capacity 64278K, committed 75924K, reserved 1103872K
  class space    used 12310K, capacity 17431K, committed 21652K, reserved 1048576K
}
Event: 20494.473 GC heap before
{Heap before GC invocations=408 (full 6):
 PSYoungGen      total 694784K, used 691904K [0x0000000795580000, 0x00000007c0000000, 0x00000007c0000000)
  eden space 691712K, 100% used [0x0000000795580000,0x00000007bf900000,0x00000007bf900000)
  from space 3072K, 6% used [0x00000007bf900000,0x00000007bf930000,0x00000007bfc00000)
  to   space 3072K, 0% used [0x00000007bfd00000,0x00000007bfd00000,0x00000007c0000000)
 ParOldGen       total 286720K, used 108355K [0x0000000740000000, 0x0000000751800000, 0x0000000795580000)
  object space 286720K, 37% used [0x0000000740000000,0x00000007469d0f38,0x0000000751800000)
 Metaspace       used 49310K, capacity 64278K, committed 75924K, reserved 1103872K
  class space    used 12310K, capacity 17431K, committed 21652K, reserved 1048576K
Event: 20494.476 GC heap after
Heap after GC invocations=408 (full 6):
 PSYoungGen      total 694784K, used 160K [0x0000000795580000, 0x00000007bff00000, 0x00000007c0000000)
  eden space 692736K, 0% used [0x0000000795580000,0x0000000795580000,0x00000007bfa00000)
  from space 2048K, 7% used [0x00000007bfd00000,0x00000007bfd28000,0x00000007bff00000)
  to   space 2560K, 0% used [0x00000007bfa00000,0x00000007bfa00000,0x00000007bfc80000)
 ParOldGen       total 286720K, used 108363K [0x0000000740000000, 0x0000000751800000, 0x0000000795580000)
  object space 286720K, 37% used [0x0000000740000000,0x00000007469d2f38,0x0000000751800000)
 Metaspace       used 49310K, capacity 64278K, committed 75924K, reserved 1103872K
  class space    used 12310K, capacity 17431K, committed 21652K, reserved 1048576K
}
Event: 20506.575 GC heap before
{Heap before GC invocations=409 (full 6):
 PSYoungGen      total 694784K, used 692896K [0x0000000795580000, 0x00000007bff00000, 0x00000007c0000000)
  eden space 692736K, 100% used [0x0000000795580000,0x00000007bfa00000,0x00000007bfa00000)
  from space 2048K, 7% used [0x00000007bfd00000,0x00000007bfd28000,0x00000007bff00000)
  to   space 2560K, 0% used [0x00000007bfa00000,0x00000007bfa00000,0x00000007bfc80000)
 ParOldGen       total 286720K, used 108363K [0x0000000740000000, 0x0000000751800000, 0x0000000795580000)
  object space 286720K, 37% used [0x0000000740000000,0x00000007469d2f38,0x0000000751800000)
 Metaspace       used 49314K, capacity 64284K, committed 75924K, reserved 1103872K
  class space    used 12311K, capacity 17433K, committed 21652K, reserved 1048576K
Event: 20506.578 GC heap after
Heap after GC invocations=409 (full 6):
 PSYoungGen      total 695296K, used 128K [0x0000000795580000, 0x00000007c0000000, 0x00000007c0000000)
  eden space 692736K, 0% used [0x0000000795580000,0x0000000795580000,0x00000007bfa00000)
  from space 2560K, 5% used [0x00000007bfa00000,0x00000007bfa20000,0x00000007bfc80000)
  to   space 2560K, 0% used [0x00000007bfd80000,0x00000007bfd80000,0x00000007c0000000)
 ParOldGen       total 286720K, used 108363K [0x0000000740000000, 0x0000000751800000, 0x0000000795580000)
  object space 286720K, 37% used [0x0000000740000000,0x00000007469d2f38,0x0000000751800000)
 Metaspace       used 49314K, capacity 64284K, committed 75924K, reserved 1103872K
  class space    used 12311K, capacity 17433K, committed 21652K, reserved 1048576K
}
Event: 20508.888 GC heap before
{Heap before GC invocations=410 (full 6):
 PSYoungGen      total 695296K, used 692864K [0x0000000795580000, 0x00000007c0000000, 0x00000007c0000000)
  eden space 692736K, 100% used [0x0000000795580000,0x00000007bfa00000,0x00000007bfa00000)
  from space 2560K, 5% used [0x00000007bfa00000,0x00000007bfa20000,0x00000007bfc80000)
  to   space 2560K, 0% used [0x00000007bfd80000,0x00000007bfd80000,0x00000007c0000000)
 ParOldGen       total 286720K, used 108363K [0x0000000740000000, 0x0000000751800000, 0x0000000795580000)
  object space 286720K, 37% used [0x0000000740000000,0x00000007469d2f38,0x0000000751800000)
 Metaspace       used 49314K, capacity 64284K, committed 75924K, reserved 1103872K
  class space    used 12311K, capacity 17433K, committed 21652K, reserved 1048576K
Event: 20508.891 GC heap after
Heap after GC invocations=410 (full 6):
 PSYoungGen      total 696320K, used 160K [0x0000000795580000, 0x00000007c0000000, 0x00000007c0000000)
  eden space 693760K, 0% used [0x0000000795580000,0x0000000795580000,0x00000007bfb00000)
  from space 2560K, 6% used [0x00000007bfd80000,0x00000007bfda8000,0x00000007c0000000)
  to   space 2560K, 0% used [0x00000007bfb00000,0x00000007bfb00000,0x00000007bfd80000)
 ParOldGen       total 286720K, used 108371K [0x0000000740000000, 0x0000000751800000, 0x0000000795580000)
  object space 286720K, 37% used [0x0000000740000000,0x00000007469d4f38,0x0000000751800000)
 Metaspace       used 49314K, capacity 64284K, committed 75924K, reserved 1103872K
  class space    used 12311K, capacity 17433K, committed 21652K, reserved 1048576K
}

